<?xml version="1.0" encoding="UTF-8"?>
<testsuite xmlns:xsi="http://www.w3.org/2001/XMLSchema-instance" xsi:noNamespaceSchemaLocation="https://maven.apache.org/surefire/maven-surefire-plugin/xsd/surefire-test-report.xsd" name="TestSuite" time="41.014" tests="2" errors="0" skipped="0" failures="1">
  <properties>
[...]
</properties>
  <testcase name="searchCarOnPage" classname="tests.TestHomePage" time="4.678">
    <failure message="expected [2] but found [1]" type="java.lang.AssertionError">java.lang.AssertionError: expected [2] but found [1]
	at tests.TestHomePage.searchCarOnPage(TestHomePage.java:47)
</failure>
    <system-out><![CDATA[[TestNGContentHandler] [WARN] It is strongly recommended to add "<!DOCTYPE suite SYSTEM "http://testng.org/testng-1.0.dtd" >" at the top of your file, otherwise TestNG may fail or not work as expected.
In before method driver valueChromeDriver: chrome on WIN8_1 (6fbc2cc6254d6c3b3802e5a9770369b5)
I am in onTestStart method searchCarOnPage start
before search car driver valueChromeDriver: chrome on WIN8_1 (6fbc2cc6254d6c3b3802e5a9770369b5)
after search car
Logger is com.relevantcodes.extentreports.ExtentTest@6ea1bcdc
***** Error searchCarOnPage test has failed *****
C:\Rahul\Projects\Sample maven\CarwaleChecks\ErrorScreenshot
***Placed screen shot in C:\Rahul\Projects\Sample maven\CarwaleChecks\ErrorScreenshot ***
]]></system-out>
    <system-err><![CDATA[Starting ChromeDriver 2.35.528161 (5b82f2d2aae0ca24b877009200ced9065a772e73) on port 10473
Only local connections are allowed.
]]></system-err>
  </testcase>
  <testcase name="sumFun" classname="tests.TestHomePage" time="0"/>
</testsuite>